<?xml version="1.0" encoding="UTF-8"?>
<testsuite name="CipherTest" tests="2" skipped="0" failures="0" errors="0" timestamp="2020-09-07T15:41:29" hostname="gloria-HP-Notebook" time="0.003">
  <properties/>
  <testcase name="rotateCharacter_ShiftsCharacterCorrectNumberofTimes_char" classname="CipherTest" time="0.002"/>
  <testcase name="rotateCharacter_ShiftsCharacterCorrectNumberofTimesAtEndOfAlphabet_char" classname="CipherTest" time="0.0"/>
  <system-out><![CDATA[]]></system-out>
  <system-err><![CDATA[]]></system-err>
</testsuite>
